# JRE version: Java(TM) SE Runtime Environment (7.0_75-b13) (build 1.7.0_75-b13)
# Java VM: Java HotSpot(TM) 64-Bit Server VM (24.75-b04 mixed mode windows-amd64 compressed oops)
Heap
 PSYoungGen      total 100352K, used 72624K [0x00000000f5500000, 0x00000000fef00000, 0x0000000100000000)
  eden space 55808K, 64% used [0x00000000f5500000,0x00000000f78409d0,0x00000000f8b80000)
  from space 44544K, 82% used [0x00000000f8b80000,0x00000000faf2b960,0x00000000fb700000)
  to   space 48128K, 0% used [0x00000000fc000000,0x00000000fc000000,0x00000000fef00000)
 ParOldGen       total 82944K, used 48153K [0x00000000e0000000, 0x00000000e5100000, 0x00000000f5500000)
  object space 82944K, 58% used [0x00000000e0000000,0x00000000e2f06540,0x00000000e5100000)
 PSPermGen       total 84992K, used 80354K [0x00000000d0000000, 0x00000000d5300000, 0x00000000e0000000)
  object space 84992K, 94% used [0x00000000d0000000,0x00000000d4e78b98,0x00000000d5300000)
GC Heap History (10 events):
Event: 40.933 GC heap before
{Heap before GC invocations=17 (full 2):
 PSYoungGen      total 73728K, used 66179K [0x00000000f5500000, 0x00000000fbc80000, 0x0000000100000000)
  eden space 46080K, 100% used [0x00000000f5500000,0x00000000f8200000,0x00000000f8200000)
  from space 27648K, 72% used [0x00000000f9e80000,0x00000000fb220dc0,0x00000000fb980000)
  to   space 29184K, 0% used [0x00000000f8200000,0x00000000f8200000,0x00000000f9e80000)
 ParOldGen       total 82944K, used 44039K [0x00000000e0000000, 0x00000000e5100000, 0x00000000f5500000)
  object space 82944K, 53% used [0x00000000e0000000,0x00000000e2b01d90,0x00000000e5100000)
 PSPermGen       total 84992K, used 67679K [0x00000000d0000000, 0x00000000d5300000, 0x00000000e0000000)
  object space 84992K, 79% used [0x00000000d0000000,0x00000000d4217cf8,0x00000000d5300000)
Event: 40.972 GC heap after
Heap after GC invocations=17 (full 2):
 PSYoungGen      total 75264K, used 23450K [0x00000000f5500000, 0x00000000fc880000, 0x0000000100000000)
  eden space 46080K, 0% used [0x00000000f5500000,0x00000000f5500000,0x00000000f8200000)
  from space 29184K, 80% used [0x00000000f8200000,0x00000000f98e68e0,0x00000000f9e80000)
  to   space 31232K, 0% used [0x00000000faa00000,0x00000000faa00000,0x00000000fc880000)
 ParOldGen       total 82944K, used 44047K [0x00000000e0000000, 0x00000000e5100000, 0x00000000f5500000)
  object space 82944K, 53% used [0x00000000e0000000,0x00000000e2b03d90,0x00000000e5100000)
 PSPermGen       total 84992K, used 67679K [0x00000000d0000000, 0x00000000d5300000, 0x00000000e0000000)
  object space 84992K, 79% used [0x00000000d0000000,0x00000000d4217cf8,0x00000000d5300000)
}
Event: 42.002 GC heap before
{Heap before GC invocations=18 (full 2):
 PSYoungGen      total 75264K, used 69530K [0x00000000f5500000, 0x00000000fc880000, 0x0000000100000000)
  eden space 46080K, 100% used [0x00000000f5500000,0x00000000f8200000,0x00000000f8200000)
  from space 29184K, 80% used [0x00000000f8200000,0x00000000f98e68e0,0x00000000f9e80000)
  to   space 31232K, 0% used [0x00000000faa00000,0x00000000faa00000,0x00000000fc880000)
 ParOldGen       total 82944K, used 44047K [0x00000000e0000000, 0x00000000e5100000, 0x00000000f5500000)
  object space 82944K, 53% used [0x00000000e0000000,0x00000000e2b03d90,0x00000000e5100000)
 PSPermGen       total 84992K, used 68587K [0x00000000d0000000, 0x00000000d5300000, 0x00000000e0000000)
  object space 84992K, 80% used [0x00000000d0000000,0x00000000d42fae70,0x00000000d5300000)
Event: 42.064 GC heap after
Heap after GC invocations=18 (full 2):
 PSYoungGen      total 83456K, used 28232K [0x00000000f5500000, 0x00000000fd100000, 0x0000000100000000)
  eden space 52224K, 0% used [0x00000000f5500000,0x00000000f5500000,0x00000000f8800000)
  from space 31232K, 90% used [0x00000000faa00000,0x00000000fc592268,0x00000000fc880000)
  to   space 34816K, 0% used [0x00000000f8800000,0x00000000f8800000,0x00000000faa00000)
 ParOldGen       total 82944K, used 44047K [0x00000000e0000000, 0x00000000e5100000, 0x00000000f5500000)
  object space 82944K, 53% used [0x00000000e0000000,0x00000000e2b03d90,0x00000000e5100000)
 PSPermGen       total 84992K, used 68587K [0x00000000d0000000, 0x00000000d5300000, 0x00000000e0000000)
  object space 84992K, 80% used [0x00000000d0000000,0x00000000d42fae70,0x00000000d5300000)
}
Event: 189.406 GC heap before
{Heap before GC invocations=19 (full 2):
 PSYoungGen      total 83456K, used 80456K [0x00000000f5500000, 0x00000000fd100000, 0x0000000100000000)
  eden space 52224K, 100% used [0x00000000f5500000,0x00000000f8800000,0x00000000f8800000)
  from space 31232K, 90% used [0x00000000faa00000,0x00000000fc592268,0x00000000fc880000)
  to   space 34816K, 0% used [0x00000000f8800000,0x00000000f8800000,0x00000000faa00000)
 ParOldGen       total 82944K, used 44047K [0x00000000e0000000, 0x00000000e5100000, 0x00000000f5500000)
  object space 82944K, 53% used [0x00000000e0000000,0x00000000e2b03d90,0x00000000e5100000)
 PSPermGen       total 84992K, used 75222K [0x00000000d0000000, 0x00000000d5300000, 0x00000000e0000000)
  object space 84992K, 88% used [0x00000000d0000000,0x00000000d4975b18,0x00000000d5300000)
Event: 189.483 GC heap after
Heap after GC invocations=19 (full 2):
 PSYoungGen      total 87040K, used 34797K [0x00000000f5500000, 0x00000000fdf00000, 0x0000000100000000)
  eden space 52224K, 0% used [0x00000000f5500000,0x00000000f5500000,0x00000000f8800000)
  from space 34816K, 99% used [0x00000000f8800000,0x00000000fa9fb4c0,0x00000000faa00000)
  to   space 40960K, 0% used [0x00000000fb700000,0x00000000fb700000,0x00000000fdf00000)
 ParOldGen       total 82944K, used 47243K [0x00000000e0000000, 0x00000000e5100000, 0x00000000f5500000)
  object space 82944K, 56% used [0x00000000e0000000,0x00000000e2e22e70,0x00000000e5100000)
 PSPermGen       total 84992K, used 75222K [0x00000000d0000000, 0x00000000d5300000, 0x00000000e0000000)
  object space 84992K, 88% used [0x00000000d0000000,0x00000000d4975b18,0x00000000d5300000)
}
Event: 213.100 GC heap before
{Heap before GC invocations=20 (full 2):
 PSYoungGen      total 87040K, used 87021K [0x00000000f5500000, 0x00000000fdf00000, 0x0000000100000000)
  eden space 52224K, 100% used [0x00000000f5500000,0x00000000f8800000,0x00000000f8800000)
  from space 34816K, 99% used [0x00000000f8800000,0x00000000fa9fb4c0,0x00000000faa00000)
  to   space 40960K, 0% used [0x00000000fb700000,0x00000000fb700000,0x00000000fdf00000)
 ParOldGen       total 82944K, used 47243K [0x00000000e0000000, 0x00000000e5100000, 0x00000000f5500000)
  object space 82944K, 56% used [0x00000000e0000000,0x00000000e2e22e70,0x00000000e5100000)
 PSPermGen       total 84992K, used 76595K [0x00000000d0000000, 0x00000000d5300000, 0x00000000e0000000)
  object space 84992K, 90% used [0x00000000d0000000,0x00000000d4accdc8,0x00000000d5300000)
Event: 213.220 GC heap after
Heap after GC invocations=20 (full 2):
 PSYoungGen      total 96768K, used 34071K [0x00000000f5500000, 0x00000000fe500000, 0x0000000100000000)
  eden space 55808K, 0% used [0x00000000f5500000,0x00000000f5500000,0x00000000f8b80000)
  from space 40960K, 83% used [0x00000000fb700000,0x00000000fd845ec8,0x00000000fdf00000)
  to   space 44544K, 0% used [0x00000000f8b80000,0x00000000f8b80000,0x00000000fb700000)
 ParOldGen       total 82944K, used 48145K [0x00000000e0000000, 0x00000000e5100000, 0x00000000f5500000)
  object space 82944K, 58% used [0x00000000e0000000,0x00000000e2f04540,0x00000000e5100000)
 PSPermGen       total 84992K, used 76595K [0x00000000d0000000, 0x00000000d5300000, 0x00000000e0000000)
  object space 84992K, 90% used [0x00000000d0000000,0x00000000d4accdc8,0x00000000d5300000)
}
Event: 297.194 GC heap before
{Heap before GC invocations=21 (full 2):
 PSYoungGen      total 96768K, used 89879K [0x00000000f5500000, 0x00000000fe500000, 0x0000000100000000)
  eden space 55808K, 100% used [0x00000000f5500000,0x00000000f8b80000,0x00000000f8b80000)
  from space 40960K, 83% used [0x00000000fb700000,0x00000000fd845ec8,0x00000000fdf00000)
  to   space 44544K, 0% used [0x00000000f8b80000,0x00000000f8b80000,0x00000000fb700000)
 ParOldGen       total 82944K, used 48145K [0x00000000e0000000, 0x00000000e5100000, 0x00000000f5500000)
  object space 82944K, 58% used [0x00000000e0000000,0x00000000e2f04540,0x00000000e5100000)
 PSPermGen       total 84992K, used 77838K [0x00000000d0000000, 0x00000000d5300000, 0x00000000e0000000)
  object space 84992K, 91% used [0x00000000d0000000,0x00000000d4c03988,0x00000000d5300000)
Event: 297.272 GC heap after
Heap after GC invocations=21 (full 2):
 PSYoungGen      total 100352K, used 36526K [0x00000000f5500000, 0x00000000fef00000, 0x0000000100000000)
  eden space 55808K, 0% used [0x00000000f5500000,0x00000000f5500000,0x00000000f8b80000)
  from space 44544K, 82% used [0x00000000f8b80000,0x00000000faf2b960,0x00000000fb700000)
  to   space 48128K, 0% used [0x00000000fc000000,0x00000000fc000000,0x00000000fef00000)
 ParOldGen       total 82944K, used 48153K [0x00000000e0000000, 0x00000000e5100000, 0x00000000f5500000)
  object space 82944K, 58% used [0x00000000e0000000,0x00000000e2f06540,0x00000000e5100000)
 PSPermGen       total 84992K, used 77838K [0x00000000d0000000, 0x00000000d5300000, 0x00000000e0000000)
  object space 84992K, 91% used [0x00000000d0000000,0x00000000d4c03988,0x00000000d5300000)
}

