# JRE version: Java(TM) SE Runtime Environment (7.0_51-b13) (build 1.7.0_51-b13)
# Java VM: Java HotSpot(TM) Client VM (24.51-b03 mixed mode, sharing windows-x86 )
Heap
 def new generation   total 9216K, used 3437K [0x237f0000, 0x241f0000, 0x28d40000)
  eden space 8192K,  31% used [0x237f0000, 0x23a6fc20, 0x23ff0000)
  from space 1024K,  85% used [0x23ff0000, 0x240cba60, 0x240f0000)
  to   space 1024K,   0% used [0x240f0000, 0x240f0000, 0x241f0000)
 tenured generation   total 20384K, used 19478K [0x28d40000, 0x2a128000, 0x337f0000)
   the space 20384K,  95% used [0x28d40000, 0x2a045b28, 0x2a045c00, 0x2a128000)
 compacting perm gen  total 12288K, used 1052K [0x337f0000, 0x343f0000, 0x377f0000)
   the space 12288K,   8% used [0x337f0000, 0x338f73a8, 0x338f7400, 0x343f0000)
    ro space 10240K,  41% used [0x377f0000, 0x37c22050, 0x37c22200, 0x381f0000)
    rw space 12288K,  52% used [0x381f0000, 0x38836800, 0x38836800, 0x38df0000)
GC Heap History (10 events):
Event: 4.797 GC heap before
{Heap before GC invocations=35 (full 1):
 def new generation   total 9216K, used 9051K [0x237f0000, 0x241f0000, 0x28d40000)
  eden space 8192K, 100% used [0x237f0000, 0x23ff0000, 0x23ff0000)
  from space 1024K,  83% used [0x240f0000, 0x241c6e48, 0x241f0000)
  to   space 1024K,   0% used [0x23ff0000, 0x23ff0000, 0x240f0000)
 tenured generation   total 20384K, used 16249K [0x28d40000, 0x2a128000, 0x337f0000)
   the space 20384K,  79% used [0x28d40000, 0x29d1e480, 0x29d1e600, 0x2a128000)
 compacting perm gen  total 12288K, used 1052K [0x337f0000, 0x343f0000, 0x377f0000)
   the space 12288K,   8% used [0x337f0000, 0x338f7388, 0x338f7400, 0x343f0000)
    ro space 10240K,  41% used [0x377f0000, 0x37c22050, 0x37c22200, 0x381f0000)
    rw space 12288K,  52% used [0x381f0000, 0x38836800, 0x38836800, 0x38df0000)
Event: 4.798 GC heap after
Heap after GC invocations=36 (full 1):
 def new generation   total 9216K, used 413K [0x237f0000, 0x241f0000, 0x28d40000)
  eden space 8192K,   0% used [0x237f0000, 0x237f0000, 0x23ff0000)
  from space 1024K,  40% used [0x23ff0000, 0x24057638, 0x240f0000)
  to   space 1024K,   0% used [0x240f0000, 0x240f0000, 0x241f0000)
 tenured generation   total 20384K, used 16661K [0x28d40000, 0x2a128000, 0x337f0000)
   the space 20384K,  81% used [0x28d40000, 0x29d855e0, 0x29d85600, 0x2a128000)
 compacting perm gen  total 12288K, used 1052K [0x337f0000, 0x343f0000, 0x377f0000)
   the space 12288K,   8% used [0x337f0000, 0x338f7388, 0x338f7400, 0x343f0000)
    ro space 10240K,  41% used [0x377f0000, 0x37c22050, 0x37c22200, 0x381f0000)
    rw space 12288K,  52% used [0x381f0000, 0x38836800, 0x38836800, 0x38df0000)
}
Event: 5.083 GC heap before
{Heap before GC invocations=36 (full 1):
 def new generation   total 9216K, used 7730K [0x237f0000, 0x241f0000, 0x28d40000)
  eden space 8192K,  89% used [0x237f0000, 0x23f152f0, 0x23ff0000)
  from space 1024K,  40% used [0x23ff0000, 0x24057638, 0x240f0000)
  to   space 1024K,   0% used [0x240f0000, 0x240f0000, 0x241f0000)
 tenured generation   total 20384K, used 16661K [0x28d40000, 0x2a128000, 0x337f0000)
   the space 20384K,  81% used [0x28d40000, 0x29d855e0, 0x29d85600, 0x2a128000)
 compacting perm gen  total 12288K, used 1052K [0x337f0000, 0x343f0000, 0x377f0000)
   the space 12288K,   8% used [0x337f0000, 0x338f7388, 0x338f7400, 0x343f0000)
    ro space 10240K,  41% used [0x377f0000, 0x37c22050, 0x37c22200, 0x381f0000)
    rw space 12288K,  52% used [0x381f0000, 0x38836800, 0x38836800, 0x38df0000)
Event: 5.086 GC heap after
Heap after GC invocations=37 (full 1):
 def new generation   total 9216K, used 846K [0x237f0000, 0x241f0000, 0x28d40000)
  eden space 8192K,   0% used [0x237f0000, 0x237f0000, 0x23ff0000)
  from space 1024K,  82% used [0x240f0000, 0x241c38b8, 0x241f0000)
  to   space 1024K,   0% used [0x23ff0000, 0x23ff0000, 0x240f0000)
 tenured generation   total 20384K, used 17863K [0x28d40000, 0x2a128000, 0x337f0000)
   the space 20384K,  87% used [0x28d40000, 0x29eb1f50, 0x29eb2000, 0x2a128000)
 compacting perm gen  total 12288K, used 1052K [0x337f0000, 0x343f0000, 0x377f0000)
   the space 12288K,   8% used [0x337f0000, 0x338f7388, 0x338f7400, 0x343f0000)
    ro space 10240K,  41% used [0x377f0000, 0x37c22050, 0x37c22200, 0x381f0000)
    rw space 12288K,  52% used [0x381f0000, 0x38836800, 0x38836800, 0x38df0000)
}
Event: 5.222 GC heap before
{Heap before GC invocations=37 (full 1):
 def new generation   total 9216K, used 9038K [0x237f0000, 0x241f0000, 0x28d40000)
  eden space 8192K, 100% used [0x237f0000, 0x23ff0000, 0x23ff0000)
  from space 1024K,  82% used [0x240f0000, 0x241c38d0, 0x241f0000)
  to   space 1024K,   0% used [0x23ff0000, 0x23ff0000, 0x240f0000)
 tenured generation   total 20384K, used 17863K [0x28d40000, 0x2a128000, 0x337f0000)
   the space 20384K,  87% used [0x28d40000, 0x29eb1f50, 0x29eb2000, 0x2a128000)
 compacting perm gen  total 12288K, used 1052K [0x337f0000, 0x343f0000, 0x377f0000)
   the space 12288K,   8% used [0x337f0000, 0x338f7388, 0x338f7400, 0x343f0000)
    ro space 10240K,  41% used [0x377f0000, 0x37c22050, 0x37c22200, 0x381f0000)
    rw space 12288K,  52% used [0x381f0000, 0x38836800, 0x38836800, 0x38df0000)
Event: 5.224 GC heap after
Heap after GC invocations=38 (full 1):
 def new generation   total 9216K, used 420K [0x237f0000, 0x241f0000, 0x28d40000)
  eden space 8192K,   0% used [0x237f0000, 0x237f0000, 0x23ff0000)
  from space 1024K,  41% used [0x23ff0000, 0x24059100, 0x240f0000)
  to   space 1024K,   0% used [0x240f0000, 0x240f0000, 0x241f0000)
 tenured generation   total 20384K, used 19478K [0x28d40000, 0x2a128000, 0x337f0000)
   the space 20384K,  95% used [0x28d40000, 0x2a045b28, 0x2a045c00, 0x2a128000)
 compacting perm gen  total 12288K, used 1052K [0x337f0000, 0x343f0000, 0x377f0000)
   the space 12288K,   8% used [0x337f0000, 0x338f7388, 0x338f7400, 0x343f0000)
    ro space 10240K,  41% used [0x377f0000, 0x37c22050, 0x37c22200, 0x381f0000)
    rw space 12288K,  52% used [0x381f0000, 0x38836800, 0x38836800, 0x38df0000)
}
Event: 5.286 GC heap before
{Heap before GC invocations=38 (full 1):
 def new generation   total 9216K, used 8612K [0x237f0000, 0x241f0000, 0x28d40000)
  eden space 8192K, 100% used [0x237f0000, 0x23ff0000, 0x23ff0000)
  from space 1024K,  41% used [0x23ff0000, 0x24059100, 0x240f0000)
  to   space 1024K,   0% used [0x240f0000, 0x240f0000, 0x241f0000)
 tenured generation   total 20384K, used 19478K [0x28d40000, 0x2a128000, 0x337f0000)
   the space 20384K,  95% used [0x28d40000, 0x2a045b28, 0x2a045c00, 0x2a128000)
 compacting perm gen  total 12288K, used 1052K [0x337f0000, 0x343f0000, 0x377f0000)
   the space 12288K,   8% used [0x337f0000, 0x338f7388, 0x338f7400, 0x343f0000)
    ro space 10240K,  41% used [0x377f0000, 0x37c22050, 0x37c22200, 0x381f0000)
    rw space 12288K,  52% used [0x381f0000, 0x38836800, 0x38836800, 0x38df0000)
Event: 5.287 GC heap after
Heap after GC invocations=39 (full 1):
 def new generation   total 9216K, used 412K [0x237f0000, 0x241f0000, 0x28d40000)
  eden space 8192K,   0% used [0x237f0000, 0x237f0000, 0x23ff0000)
  from space 1024K,  40% used [0x240f0000, 0x24157388, 0x241f0000)
  to   space 1024K,   0% used [0x23ff0000, 0x23ff0000, 0x240f0000)
 tenured generation   total 20384K, used 19478K [0x28d40000, 0x2a128000, 0x337f0000)
   the space 20384K,  95% used [0x28d40000, 0x2a045b28, 0x2a045c00, 0x2a128000)
 compacting perm gen  total 12288K, used 1052K [0x337f0000, 0x343f0000, 0x377f0000)
   the space 12288K,   8% used [0x337f0000, 0x338f7388, 0x338f7400, 0x343f0000)
    ro space 10240K,  41% used [0x377f0000, 0x37c22050, 0x37c22200, 0x381f0000)
    rw space 12288K,  52% used [0x381f0000, 0x38836800, 0x38836800, 0x38df0000)
}
Event: 5.454 GC heap before
{Heap before GC invocations=39 (full 1):
 def new generation   total 9216K, used 7516K [0x237f0000, 0x241f0000, 0x28d40000)
  eden space 8192K,  86% used [0x237f0000, 0x23edfd28, 0x23ff0000)
  from space 1024K,  40% used [0x240f0000, 0x24157388, 0x241f0000)
  to   space 1024K,   0% used [0x23ff0000, 0x23ff0000, 0x240f0000)
 tenured generation   total 20384K, used 19478K [0x28d40000, 0x2a128000, 0x337f0000)
   the space 20384K,  95% used [0x28d40000, 0x2a045b28, 0x2a045c00, 0x2a128000)
 compacting perm gen  total 12288K, used 1052K [0x337f0000, 0x343f0000, 0x377f0000)
   the space 12288K,   8% used [0x337f0000, 0x338f73a8, 0x338f7400, 0x343f0000)
    ro space 10240K,  41% used [0x377f0000, 0x37c22050, 0x37c22200, 0x381f0000)
    rw space 12288K,  52% used [0x381f0000, 0x38836800, 0x38836800, 0x38df0000)
Event: 5.455 GC heap after
Heap after GC invocations=40 (full 1):
 def new generation   total 9216K, used 878K [0x237f0000, 0x241f0000, 0x28d40000)
  eden space 8192K,   0% used [0x237f0000, 0x237f0000, 0x23ff0000)
  from space 1024K,  85% used [0x23ff0000, 0x240cba60, 0x240f0000)
  to   space 1024K,   0% used [0x240f0000, 0x240f0000, 0x241f0000)
 tenured generation   total 20384K, used 19478K [0x28d40000, 0x2a128000, 0x337f0000)
   the space 20384K,  95% used [0x28d40000, 0x2a045b28, 0x2a045c00, 0x2a128000)
 compacting perm gen  total 12288K, used 1052K [0x337f0000, 0x343f0000, 0x377f0000)
   the space 12288K,   8% used [0x337f0000, 0x338f73a8, 0x338f7400, 0x343f0000)
    ro space 10240K,  41% used [0x377f0000, 0x37c22050, 0x37c22200, 0x381f0000)
    rw space 12288K,  52% used [0x381f0000, 0x38836800, 0x38836800, 0x38df0000)
}

